The target system is: Android - 1 - i686
The host system is: Darwin - 23.6.0 - arm64
Compiling the C compiler identification source file "CMakeCCompilerId.c" succeeded.
Compiler: /Users/edoardo/Library/Android/sdk/ndk/26.1.10909125/toolchains/llvm/prebuilt/darwin-x86_64/bin/clang 
Build flags: -g;-DANDROID;-fdata-sections;-ffunction-sections;-funwind-tables;-fstack-protector-strong;-no-canonical-prefixes;-mstackrealign;-D_FORTIFY_SOURCE=2;-Wformat;-Werror=format-security;
Id flags: -c;--target=i686-none-linux-android21 

The output was:
0


Compilation of the C compiler identification source "CMakeCCompilerId.c" produced "CMakeCCompilerId.o"

The C compiler identification is Clang, found in "/Users/edoardo/Desktop/newcameratrigger/newcameratrigger/app/.cxx/Debug/4y6k3k1w/x86/CMakeFiles/3.22.1-g37088a8/CompilerIdC/CMakeCCompilerId.o"

Compiling the CXX compiler identification source file "CMakeCXXCompilerId.cpp" succeeded.
Compiler: /Users/edoardo/Library/Android/sdk/ndk/26.1.10909125/toolchains/llvm/prebuilt/darwin-x86_64/bin/clang++ 
Build flags: -g;-DANDROID;-fdata-sections;-ffunction-sections;-funwind-tables;-fstack-protector-strong;-no-canonical-prefixes;-mstackrealign;-D_FORTIFY_SOURCE=2;-Wformat;-Werror=format-security;;
Id flags: -c;--target=i686-none-linux-android21 

The output was:
0


Compilation of the CXX compiler identification source "CMakeCXXCompilerId.cpp" produced "CMakeCXXCompilerId.o"

The CXX compiler identification is Clang, found in "/Users/edoardo/Desktop/newcameratrigger/newcameratrigger/app/.cxx/Debug/4y6k3k1w/x86/CMakeFiles/3.22.1-g37088a8/CompilerIdCXX/CMakeCXXCompilerId.o"

Detecting C compiler ABI info compiled with the following output:
Change Dir: /Users/edoardo/Desktop/newcameratrigger/newcameratrigger/app/.cxx/Debug/4y6k3k1w/x86/CMakeFiles/CMakeTmp

Run Build Command(s):/Users/edoardo/Library/Android/sdk/cmake/3.22.1/bin/ninja cmTC_09352 && [1/2] Building C object CMakeFiles/cmTC_09352.dir/CMakeCCompilerABI.c.o
Android (10552028, +pgo, +bolt, +lto, -mlgo, based on r487747d) clang version 17.0.2 (https://android.googlesource.com/toolchain/llvm-project d9f89f4d16663d5012e5c09495f3b30ece3d2362)
Target: i686-none-linux-android21
Thread model: posix
InstalledDir: /Users/edoardo/Library/Android/sdk/ndk/26.1.10909125/toolchains/llvm/prebuilt/darwin-x86_64/bin
 (in-process)
 "/Users/edoardo/Library/Android/sdk/ndk/26.1.10909125/toolchains/llvm/prebuilt/darwin-x86_64/bin/clang" -cc1 -triple i686-none-linux-android21 -emit-obj -mrelax-all -disable-free -clear-ast-before-backend -disable-llvm-verifier -discard-value-names -main-file-name CMakeCCompilerABI.c -mrelocation-model pic -pic-level 2 -pic-is-pie -mframe-pointer=all -ffp-contract=on -fno-rounding-math -mconstructor-aliases -funwind-tables=2 -target-cpu i686 -target-feature +ssse3 -tune-cpu generic -mllvm -treat-scalable-fixed-error-as-warning -debug-info-kind=constructor -dwarf-version=4 -debugger-tuning=gdb -v -ffunction-sections -fdata-sections -fcoverage-compilation-dir=/Users/edoardo/Desktop/newcameratrigger/newcameratrigger/app/.cxx/Debug/4y6k3k1w/x86/CMakeFiles/CMakeTmp -resource-dir /Users/edoardo/Library/Android/sdk/ndk/26.1.10909125/toolchains/llvm/prebuilt/darwin-x86_64/lib/clang/17 -dependency-file CMakeFiles/cmTC_09352.dir/CMakeCCompilerABI.c.o.d -MT CMakeFiles/cmTC_09352.dir/CMakeCCompilerABI.c.o -sys-header-deps -D ANDROID -D _FORTIFY_SOURCE=2 -isysroot /Users/edoardo/Library/Android/sdk/ndk/26.1.10909125/toolchains/llvm/prebuilt/darwin-x86_64/sysroot -internal-isystem /Users/edoardo/Library/Android/sdk/ndk/26.1.10909125/toolchains/llvm/prebuilt/darwin-x86_64/lib/clang/17/include -internal-isystem /Users/edoardo/Library/Android/sdk/ndk/26.1.10909125/toolchains/llvm/prebuilt/darwin-x86_64/sysroot/usr/local/include -internal-externc-isystem /Users/edoardo/Library/Android/sdk/ndk/26.1.10909125/toolchains/llvm/prebuilt/darwin-x86_64/sysroot/usr/include/i686-linux-android -internal-externc-isystem /Users/edoardo/Library/Android/sdk/ndk/26.1.10909125/toolchains/llvm/prebuilt/darwin-x86_64/sysroot/include -internal-externc-isystem /Users/edoardo/Library/Android/sdk/ndk/26.1.10909125/toolchains/llvm/prebuilt/darwin-x86_64/sysroot/usr/include -Wformat -fdebug-compilation-dir=/Users/edoardo/Desktop/newcameratrigger/newcameratrigger/app/.cxx/Debug/4y6k3k1w/x86/CMakeFiles/CMakeTmp -ferror-limit 19 -stack-protector 2 -mstackrealign -fgnuc-version=4.2.1 -D__GCC_HAVE_DWARF2_CFI_ASM=1 -o CMakeFiles/cmTC_09352.dir/CMakeCCompilerABI.c.o -x c /Users/edoardo/Library/Android/sdk/cmake/3.22.1/share/cmake-3.22/Modules/CMakeCCompilerABI.c
clang -cc1 version 17.0.2 based upon LLVM 17.0.2 default target x86_64-apple-darwin23.6.0
ignoring nonexistent directory "/Users/edoardo/Library/Android/sdk/ndk/26.1.10909125/toolchains/llvm/prebuilt/darwin-x86_64/sysroot/usr/local/include"
ignoring nonexistent directory "/Users/edoardo/Library/Android/sdk/ndk/26.1.10909125/toolchains/llvm/prebuilt/darwin-x86_64/sysroot/include"
#include "..." search starts here:
#include <...> search starts here:
 /Users/edoardo/Library/Android/sdk/ndk/26.1.10909125/toolchains/llvm/prebuilt/darwin-x86_64/lib/clang/17/include
 /Users/edoardo/Library/Android/sdk/ndk/26.1.10909125/toolchains/llvm/prebuilt/darwin-x86_64/sysroot/usr/include/i686-linux-android
 /Users/edoardo/Library/Android/sdk/ndk/26.1.10909125/toolchains/llvm/prebuilt/darwin-x86_64/sysroot/usr/include
End of search list.
[2/2] Linking C executable cmTC_09352
Android (10552028, +pgo, +bolt, +lto, -mlgo, based on r487747d) clang version 17.0.2 (https://android.googlesource.com/toolchain/llvm-project d9f89f4d16663d5012e5c09495f3b30ece3d2362)
Target: i686-none-linux-android21
Thread model: posix
InstalledDir: /Users/edoardo/Library/Android/sdk/ndk/26.1.10909125/toolchains/llvm/prebuilt/darwin-x86_64/bin
 "/Users/edoardo/Library/Android/sdk/ndk/26.1.10909125/toolchains/llvm/prebuilt/darwin-x86_64/bin/ld.lld" --sysroot=/Users/edoardo/Library/Android/sdk/ndk/26.1.10909125/toolchains/llvm/prebuilt/darwin-x86_64/sysroot -pie -z now -z relro --hash-style=both --eh-frame-hdr -m elf_i386 -dynamic-linker /system/bin/linker -o cmTC_09352 /Users/edoardo/Library/Android/sdk/ndk/26.1.10909125/toolchains/llvm/prebuilt/darwin-x86_64/sysroot/usr/lib/i686-linux-android/21/crtbegin_dynamic.o -L/Users/edoardo/Library/Android/sdk/ndk/26.1.10909125/toolchains/llvm/prebuilt/darwin-x86_64/lib/clang/17/lib/linux/i386 -L/Users/edoardo/Library/Android/sdk/ndk/26.1.10909125/toolchains/llvm/prebuilt/darwin-x86_64/sysroot/usr/lib/i686-linux-android/21 -L/Users/edoardo/Library/Android/sdk/ndk/26.1.10909125/toolchains/llvm/prebuilt/darwin-x86_64/sysroot/usr/lib/i686-linux-android -L/Users/edoardo/Library/Android/sdk/ndk/26.1.10909125/toolchains/llvm/prebuilt/darwin-x86_64/sysroot/usr/lib --build-id=sha1 --no-rosegment --no-undefined-version --fatal-warnings --no-undefined CMakeFiles/cmTC_09352.dir/CMakeCCompilerABI.c.o /Users/edoardo/Library/Android/sdk/ndk/26.1.10909125/toolchains/llvm/prebuilt/darwin-x86_64/lib/clang/17/lib/linux/libclang_rt.builtins-i686-android.a -l:libunwind.a -ldl -lc /Users/edoardo/Library/Android/sdk/ndk/26.1.10909125/toolchains/llvm/prebuilt/darwin-x86_64/lib/clang/17/lib/linux/libclang_rt.builtins-i686-android.a -l:libunwind.a -ldl /Users/edoardo/Library/Android/sdk/ndk/26.1.10909125/toolchains/llvm/prebuilt/darwin-x86_64/sysroot/usr/lib/i686-linux-android/21/crtend_android.o



Parsed C implicit include dir info from above output: rv=done
  found start of include info
  found start of implicit include info
    add: [/Users/edoardo/Library/Android/sdk/ndk/26.1.10909125/toolchains/llvm/prebuilt/darwin-x86_64/lib/clang/17/include]
    add: [/Users/edoardo/Library/Android/sdk/ndk/26.1.10909125/toolchains/llvm/prebuilt/darwin-x86_64/sysroot/usr/include/i686-linux-android]
    add: [/Users/edoardo/Library/Android/sdk/ndk/26.1.10909125/toolchains/llvm/prebuilt/darwin-x86_64/sysroot/usr/include]
  end of search list found
  collapse include dir [/Users/edoardo/Library/Android/sdk/ndk/26.1.10909125/toolchains/llvm/prebuilt/darwin-x86_64/lib/clang/17/include] ==> [/Users/edoardo/Library/Android/sdk/ndk/26.1.10909125/toolchains/llvm/prebuilt/darwin-x86_64/lib/clang/17/include]
  collapse include dir [/Users/edoardo/Library/Android/sdk/ndk/26.1.10909125/toolchains/llvm/prebuilt/darwin-x86_64/sysroot/usr/include/i686-linux-android] ==> [/Users/edoardo/Library/Android/sdk/ndk/26.1.10909125/toolchains/llvm/prebuilt/darwin-x86_64/sysroot/usr/include/i686-linux-android]
  collapse include dir [/Users/edoardo/Library/Android/sdk/ndk/26.1.10909125/toolchains/llvm/prebuilt/darwin-x86_64/sysroot/usr/include] ==> [/Users/edoardo/Library/Android/sdk/ndk/26.1.10909125/toolchains/llvm/prebuilt/darwin-x86_64/sysroot/usr/include]
  implicit include dirs: [/Users/edoardo/Library/Android/sdk/ndk/26.1.10909125/toolchains/llvm/prebuilt/darwin-x86_64/lib/clang/17/include;/Users/edoardo/Library/Android/sdk/ndk/26.1.10909125/toolchains/llvm/prebuilt/darwin-x86_64/sysroot/usr/include/i686-linux-android;/Users/edoardo/Library/Android/sdk/ndk/26.1.10909125/toolchains/llvm/prebuilt/darwin-x86_64/sysroot/usr/include]


Parsed C implicit link information from above output:
  link line regex: [^( *|.*[/\])(ld\.lld|CMAKE_LINK_STARTFILE-NOTFOUND|([^/\]+-)?ld|collect2)[^/\]*( |$)]
  ignore line: [Change Dir: /Users/edoardo/Desktop/newcameratrigger/newcameratrigger/app/.cxx/Debug/4y6k3k1w/x86/CMakeFiles/CMakeTmp]
  ignore line: []
  ignore line: [Run Build Command(s):/Users/edoardo/Library/Android/sdk/cmake/3.22.1/bin/ninja cmTC_09352 && [1/2] Building C object CMakeFiles/cmTC_09352.dir/CMakeCCompilerABI.c.o]
  ignore line: [Android (10552028  +pgo  +bolt  +lto  -mlgo  based on r487747d) clang version 17.0.2 (https://android.googlesource.com/toolchain/llvm-project d9f89f4d16663d5012e5c09495f3b30ece3d2362)]
  ignore line: [Target: i686-none-linux-android21]
  ignore line: [Thread model: posix]
  ignore line: [InstalledDir: /Users/edoardo/Library/Android/sdk/ndk/26.1.10909125/toolchains/llvm/prebuilt/darwin-x86_64/bin]
  ignore line: [ (in-process)]
  ignore line: [ "/Users/edoardo/Library/Android/sdk/ndk/26.1.10909125/toolchains/llvm/prebuilt/darwin-x86_64/bin/clang" -cc1 -triple i686-none-linux-android21 -emit-obj -mrelax-all -disable-free -clear-ast-before-backend -disable-llvm-verifier -discard-value-names -main-file-name CMakeCCompilerABI.c -mrelocation-model pic -pic-level 2 -pic-is-pie -mframe-pointer=all -ffp-contract=on -fno-rounding-math -mconstructor-aliases -funwind-tables=2 -target-cpu i686 -target-feature +ssse3 -tune-cpu generic -mllvm -treat-scalable-fixed-error-as-warning -debug-info-kind=constructor -dwarf-version=4 -debugger-tuning=gdb -v -ffunction-sections -fdata-sections -fcoverage-compilation-dir=/Users/edoardo/Desktop/newcameratrigger/newcameratrigger/app/.cxx/Debug/4y6k3k1w/x86/CMakeFiles/CMakeTmp -resource-dir /Users/edoardo/Library/Android/sdk/ndk/26.1.10909125/toolchains/llvm/prebuilt/darwin-x86_64/lib/clang/17 -dependency-file CMakeFiles/cmTC_09352.dir/CMakeCCompilerABI.c.o.d -MT CMakeFiles/cmTC_09352.dir/CMakeCCompilerABI.c.o -sys-header-deps -D ANDROID -D _FORTIFY_SOURCE=2 -isysroot /Users/edoardo/Library/Android/sdk/ndk/26.1.10909125/toolchains/llvm/prebuilt/darwin-x86_64/sysroot -internal-isystem /Users/edoardo/Library/Android/sdk/ndk/26.1.10909125/toolchains/llvm/prebuilt/darwin-x86_64/lib/clang/17/include -internal-isystem /Users/edoardo/Library/Android/sdk/ndk/26.1.10909125/toolchains/llvm/prebuilt/darwin-x86_64/sysroot/usr/local/include -internal-externc-isystem /Users/edoardo/Library/Android/sdk/ndk/26.1.10909125/toolchains/llvm/prebuilt/darwin-x86_64/sysroot/usr/include/i686-linux-android -internal-externc-isystem /Users/edoardo/Library/Android/sdk/ndk/26.1.10909125/toolchains/llvm/prebuilt/darwin-x86_64/sysroot/include -internal-externc-isystem /Users/edoardo/Library/Android/sdk/ndk/26.1.10909125/toolchains/llvm/prebuilt/darwin-x86_64/sysroot/usr/include -Wformat -fdebug-compilation-dir=/Users/edoardo/Desktop/newcameratrigger/newcameratrigger/app/.cxx/Debug/4y6k3k1w/x86/CMakeFiles/CMakeTmp -ferror-limit 19 -stack-protector 2 -mstackrealign -fgnuc-version=4.2.1 -D__GCC_HAVE_DWARF2_CFI_ASM=1 -o CMakeFiles/cmTC_09352.dir/CMakeCCompilerABI.c.o -x c /Users/edoardo/Library/Android/sdk/cmake/3.22.1/share/cmake-3.22/Modules/CMakeCCompilerABI.c]
  ignore line: [clang -cc1 version 17.0.2 based upon LLVM 17.0.2 default target x86_64-apple-darwin23.6.0]
  ignore line: [ignoring nonexistent directory "/Users/edoardo/Library/Android/sdk/ndk/26.1.10909125/toolchains/llvm/prebuilt/darwin-x86_64/sysroot/usr/local/include"]
  ignore line: [ignoring nonexistent directory "/Users/edoardo/Library/Android/sdk/ndk/26.1.10909125/toolchains/llvm/prebuilt/darwin-x86_64/sysroot/include"]
  ignore line: [#include "..." search starts here:]
  ignore line: [#include <...> search starts here:]
  ignore line: [ /Users/edoardo/Library/Android/sdk/ndk/26.1.10909125/toolchains/llvm/prebuilt/darwin-x86_64/lib/clang/17/include]
  ignore line: [ /Users/edoardo/Library/Android/sdk/ndk/26.1.10909125/toolchains/llvm/prebuilt/darwin-x86_64/sysroot/usr/include/i686-linux-android]
  ignore line: [ /Users/edoardo/Library/Android/sdk/ndk/26.1.10909125/toolchains/llvm/prebuilt/darwin-x86_64/sysroot/usr/include]
  ignore line: [End of search list.]
  ignore line: [[2/2] Linking C executable cmTC_09352]
  ignore line: [Android (10552028  +pgo  +bolt  +lto  -mlgo  based on r487747d) clang version 17.0.2 (https://android.googlesource.com/toolchain/llvm-project d9f89f4d16663d5012e5c09495f3b30ece3d2362)]
  ignore line: [Target: i686-none-linux-android21]
  ignore line: [Thread model: posix]
  ignore line: [InstalledDir: /Users/edoardo/Library/Android/sdk/ndk/26.1.10909125/toolchains/llvm/prebuilt/darwin-x86_64/bin]
  link line: [ "/Users/edoardo/Library/Android/sdk/ndk/26.1.10909125/toolchains/llvm/prebuilt/darwin-x86_64/bin/ld.lld" --sysroot=/Users/edoardo/Library/Android/sdk/ndk/26.1.10909125/toolchains/llvm/prebuilt/darwin-x86_64/sysroot -pie -z now -z relro --hash-style=both --eh-frame-hdr -m elf_i386 -dynamic-linker /system/bin/linker -o cmTC_09352 /Users/edoardo/Library/Android/sdk/ndk/26.1.10909125/toolchains/llvm/prebuilt/darwin-x86_64/sysroot/usr/lib/i686-linux-android/21/crtbegin_dynamic.o -L/Users/edoardo/Library/Android/sdk/ndk/26.1.10909125/toolchains/llvm/prebuilt/darwin-x86_64/lib/clang/17/lib/linux/i386 -L/Users/edoardo/Library/Android/sdk/ndk/26.1.10909125/toolchains/llvm/prebuilt/darwin-x86_64/sysroot/usr/lib/i686-linux-android/21 -L/Users/edoardo/Library/Android/sdk/ndk/26.1.10909125/toolchains/llvm/prebuilt/darwin-x86_64/sysroot/usr/lib/i686-linux-android -L/Users/edoardo/Library/Android/sdk/ndk/26.1.10909125/toolchains/llvm/prebuilt/darwin-x86_64/sysroot/usr/lib --build-id=sha1 --no-rosegment --no-undefined-version --fatal-warnings --no-undefined CMakeFiles/cmTC_09352.dir/CMakeCCompilerABI.c.o /Users/edoardo/Library/Android/sdk/ndk/26.1.10909125/toolchains/llvm/prebuilt/darwin-x86_64/lib/clang/17/lib/linux/libclang_rt.builtins-i686-android.a -l:libunwind.a -ldl -lc /Users/edoardo/Library/Android/sdk/ndk/26.1.10909125/toolchains/llvm/prebuilt/darwin-x86_64/lib/clang/17/lib/linux/libclang_rt.builtins-i686-android.a -l:libunwind.a -ldl /Users/edoardo/Library/Android/sdk/ndk/26.1.10909125/toolchains/llvm/prebuilt/darwin-x86_64/sysroot/usr/lib/i686-linux-android/21/crtend_android.o]
    arg [/Users/edoardo/Library/Android/sdk/ndk/26.1.10909125/toolchains/llvm/prebuilt/darwin-x86_64/bin/ld.lld] ==> ignore
    arg [--sysroot=/Users/edoardo/Library/Android/sdk/ndk/26.1.10909125/toolchains/llvm/prebuilt/darwin-x86_64/sysroot] ==> ignore
    arg [-pie] ==> ignore
    arg [-znow] ==> ignore
    arg [-zrelro] ==> ignore
    arg [--hash-style=both] ==> ignore
    arg [--eh-frame-hdr] ==> ignore
    arg [-m] ==> ignore
    arg [elf_i386] ==> ignore
    arg [-dynamic-linker] ==> ignore
    arg [/system/bin/linker] ==> ignore
    arg [-o] ==> ignore
    arg [cmTC_09352] ==> ignore
    arg [/Users/edoardo/Library/Android/sdk/ndk/26.1.10909125/toolchains/llvm/prebuilt/darwin-x86_64/sysroot/usr/lib/i686-linux-android/21/crtbegin_dynamic.o] ==> obj [/Users/edoardo/Library/Android/sdk/ndk/26.1.10909125/toolchains/llvm/prebuilt/darwin-x86_64/sysroot/usr/lib/i686-linux-android/21/crtbegin_dynamic.o]
    arg [-L/Users/edoardo/Library/Android/sdk/ndk/26.1.10909125/toolchains/llvm/prebuilt/darwin-x86_64/lib/clang/17/lib/linux/i386] ==> dir [/Users/edoardo/Library/Android/sdk/ndk/26.1.10909125/toolchains/llvm/prebuilt/darwin-x86_64/lib/clang/17/lib/linux/i386]
    arg [-L/Users/edoardo/Library/Android/sdk/ndk/26.1.10909125/toolchains/llvm/prebuilt/darwin-x86_64/sysroot/usr/lib/i686-linux-android/21] ==> dir [/Users/edoardo/Library/Android/sdk/ndk/26.1.10909125/toolchains/llvm/prebuilt/darwin-x86_64/sysroot/usr/lib/i686-linux-android/21]
    arg [-L/Users/edoardo/Library/Android/sdk/ndk/26.1.10909125/toolchains/llvm/prebuilt/darwin-x86_64/sysroot/usr/lib/i686-linux-android] ==> dir [/Users/edoardo/Library/Android/sdk/ndk/26.1.10909125/toolchains/llvm/prebuilt/darwin-x86_64/sysroot/usr/lib/i686-linux-android]
    arg [-L/Users/edoardo/Library/Android/sdk/ndk/26.1.10909125/toolchains/llvm/prebuilt/darwin-x86_64/sysroot/usr/lib] ==> dir [/Users/edoardo/Library/Android/sdk/ndk/26.1.10909125/toolchains/llvm/prebuilt/darwin-x86_64/sysroot/usr/lib]
    arg [--build-id=sha1] ==> ignore
    arg [--no-rosegment] ==> ignore
    arg [--no-undefined-version] ==> ignore
    arg [--fatal-warnings] ==> ignore
    arg [--no-undefined] ==> ignore
    arg [CMakeFiles/cmTC_09352.dir/CMakeCCompilerABI.c.o] ==> ignore
    arg [/Users/edoardo/Library/Android/sdk/ndk/26.1.10909125/toolchains/llvm/prebuilt/darwin-x86_64/lib/clang/17/lib/linux/libclang_rt.builtins-i686-android.a] ==> lib [/Users/edoardo/Library/Android/sdk/ndk/26.1.10909125/toolchains/llvm/prebuilt/darwin-x86_64/lib/clang/17/lib/linux/libclang_rt.builtins-i686-android.a]
    arg [-l:libunwind.a] ==> lib [-l:libunwind.a]
    arg [-ldl] ==> lib [dl]
    arg [-lc] ==> lib [c]
    arg [/Users/edoardo/Library/Android/sdk/ndk/26.1.10909125/toolchains/llvm/prebuilt/darwin-x86_64/lib/clang/17/lib/linux/libclang_rt.builtins-i686-android.a] ==> lib [/Users/edoardo/Library/Android/sdk/ndk/26.1.10909125/toolchains/llvm/prebuilt/darwin-x86_64/lib/clang/17/lib/linux/libclang_rt.builtins-i686-android.a]
    arg [-l:libunwind.a] ==> lib [-l:libunwind.a]
    arg [-ldl] ==> lib [dl]
    arg [/Users/edoardo/Library/Android/sdk/ndk/26.1.10909125/toolchains/llvm/prebuilt/darwin-x86_64/sysroot/usr/lib/i686-linux-android/21/crtend_android.o] ==> obj [/Users/edoardo/Library/Android/sdk/ndk/26.1.10909125/toolchains/llvm/prebuilt/darwin-x86_64/sysroot/usr/lib/i686-linux-android/21/crtend_android.o]
  remove lib [/Users/edoardo/Library/Android/sdk/ndk/26.1.10909125/toolchains/llvm/prebuilt/darwin-x86_64/lib/clang/17/lib/linux/libclang_rt.builtins-i686-android.a]
  remove lib [/Users/edoardo/Library/Android/sdk/ndk/26.1.10909125/toolchains/llvm/prebuilt/darwin-x86_64/lib/clang/17/lib/linux/libclang_rt.builtins-i686-android.a]
  collapse library dir [/Users/edoardo/Library/Android/sdk/ndk/26.1.10909125/toolchains/llvm/prebuilt/darwin-x86_64/lib/clang/17/lib/linux/i386] ==> [/Users/edoardo/Library/Android/sdk/ndk/26.1.10909125/toolchains/llvm/prebuilt/darwin-x86_64/lib/clang/17/lib/linux/i386]
  collapse library dir [/Users/edoardo/Library/Android/sdk/ndk/26.1.10909125/toolchains/llvm/prebuilt/darwin-x86_64/sysroot/usr/lib/i686-linux-android/21] ==> [/Users/edoardo/Library/Android/sdk/ndk/26.1.10909125/toolchains/llvm/prebuilt/darwin-x86_64/sysroot/usr/lib/i686-linux-android/21]
  collapse library dir [/Users/edoardo/Library/Android/sdk/ndk/26.1.10909125/toolchains/llvm/prebuilt/darwin-x86_64/sysroot/usr/lib/i686-linux-android] ==> [/Users/edoardo/Library/Android/sdk/ndk/26.1.10909125/toolchains/llvm/prebuilt/darwin-x86_64/sysroot/usr/lib/i686-linux-android]
  collapse library dir [/Users/edoardo/Library/Android/sdk/ndk/26.1.10909125/toolchains/llvm/prebuilt/darwin-x86_64/sysroot/usr/lib] ==> [/Users/edoardo/Library/Android/sdk/ndk/26.1.10909125/toolchains/llvm/prebuilt/darwin-x86_64/sysroot/usr/lib]
  implicit libs: [-l:libunwind.a;dl;c;-l:libunwind.a;dl]
  implicit objs: [/Users/edoardo/Library/Android/sdk/ndk/26.1.10909125/toolchains/llvm/prebuilt/darwin-x86_64/sysroot/usr/lib/i686-linux-android/21/crtbegin_dynamic.o;/Users/edoardo/Library/Android/sdk/ndk/26.1.10909125/toolchains/llvm/prebuilt/darwin-x86_64/sysroot/usr/lib/i686-linux-android/21/crtend_android.o]
  implicit dirs: [/Users/edoardo/Library/Android/sdk/ndk/26.1.10909125/toolchains/llvm/prebuilt/darwin-x86_64/lib/clang/17/lib/linux/i386;/Users/edoardo/Library/Android/sdk/ndk/26.1.10909125/toolchains/llvm/prebuilt/darwin-x86_64/sysroot/usr/lib/i686-linux-android/21;/Users/edoardo/Library/Android/sdk/ndk/26.1.10909125/toolchains/llvm/prebuilt/darwin-x86_64/sysroot/usr/lib/i686-linux-android;/Users/edoardo/Library/Android/sdk/ndk/26.1.10909125/toolchains/llvm/prebuilt/darwin-x86_64/sysroot/usr/lib]
  implicit fwks: []


Detecting CXX compiler ABI info compiled with the following output:
Change Dir: /Users/edoardo/Desktop/newcameratrigger/newcameratrigger/app/.cxx/Debug/4y6k3k1w/x86/CMakeFiles/CMakeTmp

Run Build Command(s):/Users/edoardo/Library/Android/sdk/cmake/3.22.1/bin/ninja cmTC_3c154 && [1/2] Building CXX object CMakeFiles/cmTC_3c154.dir/CMakeCXXCompilerABI.cpp.o
Android (10552028, +pgo, +bolt, +lto, -mlgo, based on r487747d) clang version 17.0.2 (https://android.googlesource.com/toolchain/llvm-project d9f89f4d16663d5012e5c09495f3b30ece3d2362)
Target: i686-none-linux-android21
Thread model: posix
InstalledDir: /Users/edoardo/Library/Android/sdk/ndk/26.1.10909125/toolchains/llvm/prebuilt/darwin-x86_64/bin
 (in-process)
 "/Users/edoardo/Library/Android/sdk/ndk/26.1.10909125/toolchains/llvm/prebuilt/darwin-x86_64/bin/clang++" -cc1 -triple i686-none-linux-android21 -emit-obj -mrelax-all -disable-free -clear-ast-before-backend -disable-llvm-verifier -discard-value-names -main-file-name CMakeCXXCompilerABI.cpp -mrelocation-model pic -pic-level 2 -pic-is-pie -mframe-pointer=all -ffp-contract=on -fno-rounding-math -mconstructor-aliases -funwind-tables=2 -target-cpu i686 -target-feature +ssse3 -tune-cpu generic -mllvm -treat-scalable-fixed-error-as-warning -debug-info-kind=constructor -dwarf-version=4 -debugger-tuning=gdb -v -ffunction-sections -fdata-sections -fcoverage-compilation-dir=/Users/edoardo/Desktop/newcameratrigger/newcameratrigger/app/.cxx/Debug/4y6k3k1w/x86/CMakeFiles/CMakeTmp -resource-dir /Users/edoardo/Library/Android/sdk/ndk/26.1.10909125/toolchains/llvm/prebuilt/darwin-x86_64/lib/clang/17 -dependency-file CMakeFiles/cmTC_3c154.dir/CMakeCXXCompilerABI.cpp.o.d -MT CMakeFiles/cmTC_3c154.dir/CMakeCXXCompilerABI.cpp.o -sys-header-deps -D ANDROID -D _FORTIFY_SOURCE=2 -isysroot /Users/edoardo/Library/Android/sdk/ndk/26.1.10909125/toolchains/llvm/prebuilt/darwin-x86_64/sysroot -internal-isystem /Users/edoardo/Library/Android/sdk/ndk/26.1.10909125/toolchains/llvm/prebuilt/darwin-x86_64/sysroot/usr/include/c++/v1 -internal-isystem /Users/edoardo/Library/Android/sdk/ndk/26.1.10909125/toolchains/llvm/prebuilt/darwin-x86_64/lib/clang/17/include -internal-isystem /Users/edoardo/Library/Android/sdk/ndk/26.1.10909125/toolchains/llvm/prebuilt/darwin-x86_64/sysroot/usr/local/include -internal-externc-isystem /Users/edoardo/Library/Android/sdk/ndk/26.1.10909125/toolchains/llvm/prebuilt/darwin-x86_64/sysroot/usr/include/i686-linux-android -internal-externc-isystem /Users/edoardo/Library/Android/sdk/ndk/26.1.10909125/toolchains/llvm/prebuilt/darwin-x86_64/sysroot/include -internal-externc-isystem /Users/edoardo/Library/Android/sdk/ndk/26.1.10909125/toolchains/llvm/prebuilt/darwin-x86_64/sysroot/usr/include -Wformat -fdeprecated-macro -fdebug-compilation-dir=/Users/edoardo/Desktop/newcameratrigger/newcameratrigger/app/.cxx/Debug/4y6k3k1w/x86/CMakeFiles/CMakeTmp -ferror-limit 19 -stack-protector 2 -mstackrealign -fgnuc-version=4.2.1 -fcxx-exceptions -fexceptions -D__GCC_HAVE_DWARF2_CFI_ASM=1 -o CMakeFiles/cmTC_3c154.dir/CMakeCXXCompilerABI.cpp.o -x c++ /Users/edoardo/Library/Android/sdk/cmake/3.22.1/share/cmake-3.22/Modules/CMakeCXXCompilerABI.cpp
clang -cc1 version 17.0.2 based upon LLVM 17.0.2 default target x86_64-apple-darwin23.6.0
ignoring nonexistent directory "/Users/edoardo/Library/Android/sdk/ndk/26.1.10909125/toolchains/llvm/prebuilt/darwin-x86_64/sysroot/usr/local/include"
ignoring nonexistent directory "/Users/edoardo/Library/Android/sdk/ndk/26.1.10909125/toolchains/llvm/prebuilt/darwin-x86_64/sysroot/include"
#include "..." search starts here:
#include <...> search starts here:
 /Users/edoardo/Library/Android/sdk/ndk/26.1.10909125/toolchains/llvm/prebuilt/darwin-x86_64/sysroot/usr/include/c++/v1
 /Users/edoardo/Library/Android/sdk/ndk/26.1.10909125/toolchains/llvm/prebuilt/darwin-x86_64/lib/clang/17/include
 /Users/edoardo/Library/Android/sdk/ndk/26.1.10909125/toolchains/llvm/prebuilt/darwin-x86_64/sysroot/usr/include/i686-linux-android
 /Users/edoardo/Library/Android/sdk/ndk/26.1.10909125/toolchains/llvm/prebuilt/darwin-x86_64/sysroot/usr/include
End of search list.
[2/2] Linking CXX executable cmTC_3c154
Android (10552028, +pgo, +bolt, +lto, -mlgo, based on r487747d) clang version 17.0.2 (https://android.googlesource.com/toolchain/llvm-project d9f89f4d16663d5012e5c09495f3b30ece3d2362)
Target: i686-none-linux-android21
Thread model: posix
InstalledDir: /Users/edoardo/Library/Android/sdk/ndk/26.1.10909125/toolchains/llvm/prebuilt/darwin-x86_64/bin
 "/Users/edoardo/Library/Android/sdk/ndk/26.1.10909125/toolchains/llvm/prebuilt/darwin-x86_64/bin/ld.lld" --sysroot=/Users/edoardo/Library/Android/sdk/ndk/26.1.10909125/toolchains/llvm/prebuilt/darwin-x86_64/sysroot -pie -z now -z relro --hash-style=both --eh-frame-hdr -m elf_i386 -dynamic-linker /system/bin/linker -o cmTC_3c154 /Users/edoardo/Library/Android/sdk/ndk/26.1.10909125/toolchains/llvm/prebuilt/darwin-x86_64/sysroot/usr/lib/i686-linux-android/21/crtbegin_dynamic.o -L/Users/edoardo/Library/Android/sdk/ndk/26.1.10909125/toolchains/llvm/prebuilt/darwin-x86_64/lib/clang/17/lib/linux/i386 -L/Users/edoardo/Library/Android/sdk/ndk/26.1.10909125/toolchains/llvm/prebuilt/darwin-x86_64/sysroot/usr/lib/i686-linux-android/21 -L/Users/edoardo/Library/Android/sdk/ndk/26.1.10909125/toolchains/llvm/prebuilt/darwin-x86_64/sysroot/usr/lib/i686-linux-android -L/Users/edoardo/Library/Android/sdk/ndk/26.1.10909125/toolchains/llvm/prebuilt/darwin-x86_64/sysroot/usr/lib --build-id=sha1 --no-rosegment --no-undefined-version --fatal-warnings --no-undefined CMakeFiles/cmTC_3c154.dir/CMakeCXXCompilerABI.cpp.o -Bstatic -lc++ -Bdynamic -lm /Users/edoardo/Library/Android/sdk/ndk/26.1.10909125/toolchains/llvm/prebuilt/darwin-x86_64/lib/clang/17/lib/linux/libclang_rt.builtins-i686-android.a -l:libunwind.a -ldl -lc /Users/edoardo/Library/Android/sdk/ndk/26.1.10909125/toolchains/llvm/prebuilt/darwin-x86_64/lib/clang/17/lib/linux/libclang_rt.builtins-i686-android.a -l:libunwind.a -ldl /Users/edoardo/Library/Android/sdk/ndk/26.1.10909125/toolchains/llvm/prebuilt/darwin-x86_64/sysroot/usr/lib/i686-linux-android/21/crtend_android.o



Parsed CXX implicit include dir info from above output: rv=done
  found start of include info
  found start of implicit include info
    add: [/Users/edoardo/Library/Android/sdk/ndk/26.1.10909125/toolchains/llvm/prebuilt/darwin-x86_64/sysroot/usr/include/c++/v1]
    add: [/Users/edoardo/Library/Android/sdk/ndk/26.1.10909125/toolchains/llvm/prebuilt/darwin-x86_64/lib/clang/17/include]
    add: [/Users/edoardo/Library/Android/sdk/ndk/26.1.10909125/toolchains/llvm/prebuilt/darwin-x86_64/sysroot/usr/include/i686-linux-android]
    add: [/Users/edoardo/Library/Android/sdk/ndk/26.1.10909125/toolchains/llvm/prebuilt/darwin-x86_64/sysroot/usr/include]
  end of search list found
  collapse include dir [/Users/edoardo/Library/Android/sdk/ndk/26.1.10909125/toolchains/llvm/prebuilt/darwin-x86_64/sysroot/usr/include/c++/v1] ==> [/Users/edoardo/Library/Android/sdk/ndk/26.1.10909125/toolchains/llvm/prebuilt/darwin-x86_64/sysroot/usr/include/c++/v1]
  collapse include dir [/Users/edoardo/Library/Android/sdk/ndk/26.1.10909125/toolchains/llvm/prebuilt/darwin-x86_64/lib/clang/17/include] ==> [/Users/edoardo/Library/Android/sdk/ndk/26.1.10909125/toolchains/llvm/prebuilt/darwin-x86_64/lib/clang/17/include]
  collapse include dir [/Users/edoardo/Library/Android/sdk/ndk/26.1.10909125/toolchains/llvm/prebuilt/darwin-x86_64/sysroot/usr/include/i686-linux-android] ==> [/Users/edoardo/Library/Android/sdk/ndk/26.1.10909125/toolchains/llvm/prebuilt/darwin-x86_64/sysroot/usr/include/i686-linux-android]
  collapse include dir [/Users/edoardo/Library/Android/sdk/ndk/26.1.10909125/toolchains/llvm/prebuilt/darwin-x86_64/sysroot/usr/include] ==> [/Users/edoardo/Library/Android/sdk/ndk/26.1.10909125/toolchains/llvm/prebuilt/darwin-x86_64/sysroot/usr/include]
  implicit include dirs: [/Users/edoardo/Library/Android/sdk/ndk/26.1.10909125/toolchains/llvm/prebuilt/darwin-x86_64/sysroot/usr/include/c++/v1;/Users/edoardo/Library/Android/sdk/ndk/26.1.10909125/toolchains/llvm/prebuilt/darwin-x86_64/lib/clang/17/include;/Users/edoardo/Library/Android/sdk/ndk/26.1.10909125/toolchains/llvm/prebuilt/darwin-x86_64/sysroot/usr/include/i686-linux-android;/Users/edoardo/Library/Android/sdk/ndk/26.1.10909125/toolchains/llvm/prebuilt/darwin-x86_64/sysroot/usr/include]


Parsed CXX implicit link information from above output:
  link line regex: [^( *|.*[/\])(ld\.lld|CMAKE_LINK_STARTFILE-NOTFOUND|([^/\]+-)?ld|collect2)[^/\]*( |$)]
  ignore line: [Change Dir: /Users/edoardo/Desktop/newcameratrigger/newcameratrigger/app/.cxx/Debug/4y6k3k1w/x86/CMakeFiles/CMakeTmp]
  ignore line: []
  ignore line: [Run Build Command(s):/Users/edoardo/Library/Android/sdk/cmake/3.22.1/bin/ninja cmTC_3c154 && [1/2] Building CXX object CMakeFiles/cmTC_3c154.dir/CMakeCXXCompilerABI.cpp.o]
  ignore line: [Android (10552028  +pgo  +bolt  +lto  -mlgo  based on r487747d) clang version 17.0.2 (https://android.googlesource.com/toolchain/llvm-project d9f89f4d16663d5012e5c09495f3b30ece3d2362)]
  ignore line: [Target: i686-none-linux-android21]
  ignore line: [Thread model: posix]
  ignore line: [InstalledDir: /Users/edoardo/Library/Android/sdk/ndk/26.1.10909125/toolchains/llvm/prebuilt/darwin-x86_64/bin]
  ignore line: [ (in-process)]
  ignore line: [ "/Users/edoardo/Library/Android/sdk/ndk/26.1.10909125/toolchains/llvm/prebuilt/darwin-x86_64/bin/clang++" -cc1 -triple i686-none-linux-android21 -emit-obj -mrelax-all -disable-free -clear-ast-before-backend -disable-llvm-verifier -discard-value-names -main-file-name CMakeCXXCompilerABI.cpp -mrelocation-model pic -pic-level 2 -pic-is-pie -mframe-pointer=all -ffp-contract=on -fno-rounding-math -mconstructor-aliases -funwind-tables=2 -target-cpu i686 -target-feature +ssse3 -tune-cpu generic -mllvm -treat-scalable-fixed-error-as-warning -debug-info-kind=constructor -dwarf-version=4 -debugger-tuning=gdb -v -ffunction-sections -fdata-sections -fcoverage-compilation-dir=/Users/edoardo/Desktop/newcameratrigger/newcameratrigger/app/.cxx/Debug/4y6k3k1w/x86/CMakeFiles/CMakeTmp -resource-dir /Users/edoardo/Library/Android/sdk/ndk/26.1.10909125/toolchains/llvm/prebuilt/darwin-x86_64/lib/clang/17 -dependency-file CMakeFiles/cmTC_3c154.dir/CMakeCXXCompilerABI.cpp.o.d -MT CMakeFiles/cmTC_3c154.dir/CMakeCXXCompilerABI.cpp.o -sys-header-deps -D ANDROID -D _FORTIFY_SOURCE=2 -isysroot /Users/edoardo/Library/Android/sdk/ndk/26.1.10909125/toolchains/llvm/prebuilt/darwin-x86_64/sysroot -internal-isystem /Users/edoardo/Library/Android/sdk/ndk/26.1.10909125/toolchains/llvm/prebuilt/darwin-x86_64/sysroot/usr/include/c++/v1 -internal-isystem /Users/edoardo/Library/Android/sdk/ndk/26.1.10909125/toolchains/llvm/prebuilt/darwin-x86_64/lib/clang/17/include -internal-isystem /Users/edoardo/Library/Android/sdk/ndk/26.1.10909125/toolchains/llvm/prebuilt/darwin-x86_64/sysroot/usr/local/include -internal-externc-isystem /Users/edoardo/Library/Android/sdk/ndk/26.1.10909125/toolchains/llvm/prebuilt/darwin-x86_64/sysroot/usr/include/i686-linux-android -internal-externc-isystem /Users/edoardo/Library/Android/sdk/ndk/26.1.10909125/toolchains/llvm/prebuilt/darwin-x86_64/sysroot/include -internal-externc-isystem /Users/edoardo/Library/Android/sdk/ndk/26.1.10909125/toolchains/llvm/prebuilt/darwin-x86_64/sysroot/usr/include -Wformat -fdeprecated-macro -fdebug-compilation-dir=/Users/edoardo/Desktop/newcameratrigger/newcameratrigger/app/.cxx/Debug/4y6k3k1w/x86/CMakeFiles/CMakeTmp -ferror-limit 19 -stack-protector 2 -mstackrealign -fgnuc-version=4.2.1 -fcxx-exceptions -fexceptions -D__GCC_HAVE_DWARF2_CFI_ASM=1 -o CMakeFiles/cmTC_3c154.dir/CMakeCXXCompilerABI.cpp.o -x c++ /Users/edoardo/Library/Android/sdk/cmake/3.22.1/share/cmake-3.22/Modules/CMakeCXXCompilerABI.cpp]
  ignore line: [clang -cc1 version 17.0.2 based upon LLVM 17.0.2 default target x86_64-apple-darwin23.6.0]
  ignore line: [ignoring nonexistent directory "/Users/edoardo/Library/Android/sdk/ndk/26.1.10909125/toolchains/llvm/prebuilt/darwin-x86_64/sysroot/usr/local/include"]
  ignore line: [ignoring nonexistent directory "/Users/edoardo/Library/Android/sdk/ndk/26.1.10909125/toolchains/llvm/prebuilt/darwin-x86_64/sysroot/include"]
  ignore line: [#include "..." search starts here:]
  ignore line: [#include <...> search starts here:]
  ignore line: [ /Users/edoardo/Library/Android/sdk/ndk/26.1.10909125/toolchains/llvm/prebuilt/darwin-x86_64/sysroot/usr/include/c++/v1]
  ignore line: [ /Users/edoardo/Library/Android/sdk/ndk/26.1.10909125/toolchains/llvm/prebuilt/darwin-x86_64/lib/clang/17/include]
  ignore line: [ /Users/edoardo/Library/Android/sdk/ndk/26.1.10909125/toolchains/llvm/prebuilt/darwin-x86_64/sysroot/usr/include/i686-linux-android]
  ignore line: [ /Users/edoardo/Library/Android/sdk/ndk/26.1.10909125/toolchains/llvm/prebuilt/darwin-x86_64/sysroot/usr/include]
  ignore line: [End of search list.]
  ignore line: [[2/2] Linking CXX executable cmTC_3c154]
  ignore line: [Android (10552028  +pgo  +bolt  +lto  -mlgo  based on r487747d) clang version 17.0.2 (https://android.googlesource.com/toolchain/llvm-project d9f89f4d16663d5012e5c09495f3b30ece3d2362)]
  ignore line: [Target: i686-none-linux-android21]
  ignore line: [Thread model: posix]
  ignore line: [InstalledDir: /Users/edoardo/Library/Android/sdk/ndk/26.1.10909125/toolchains/llvm/prebuilt/darwin-x86_64/bin]
  link line: [ "/Users/edoardo/Library/Android/sdk/ndk/26.1.10909125/toolchains/llvm/prebuilt/darwin-x86_64/bin/ld.lld" --sysroot=/Users/edoardo/Library/Android/sdk/ndk/26.1.10909125/toolchains/llvm/prebuilt/darwin-x86_64/sysroot -pie -z now -z relro --hash-style=both --eh-frame-hdr -m elf_i386 -dynamic-linker /system/bin/linker -o cmTC_3c154 /Users/edoardo/Library/Android/sdk/ndk/26.1.10909125/toolchains/llvm/prebuilt/darwin-x86_64/sysroot/usr/lib/i686-linux-android/21/crtbegin_dynamic.o -L/Users/edoardo/Library/Android/sdk/ndk/26.1.10909125/toolchains/llvm/prebuilt/darwin-x86_64/lib/clang/17/lib/linux/i386 -L/Users/edoardo/Library/Android/sdk/ndk/26.1.10909125/toolchains/llvm/prebuilt/darwin-x86_64/sysroot/usr/lib/i686-linux-android/21 -L/Users/edoardo/Library/Android/sdk/ndk/26.1.10909125/toolchains/llvm/prebuilt/darwin-x86_64/sysroot/usr/lib/i686-linux-android -L/Users/edoardo/Library/Android/sdk/ndk/26.1.10909125/toolchains/llvm/prebuilt/darwin-x86_64/sysroot/usr/lib --build-id=sha1 --no-rosegment --no-undefined-version --fatal-warnings --no-undefined CMakeFiles/cmTC_3c154.dir/CMakeCXXCompilerABI.cpp.o -Bstatic -lc++ -Bdynamic -lm /Users/edoardo/Library/Android/sdk/ndk/26.1.10909125/toolchains/llvm/prebuilt/darwin-x86_64/lib/clang/17/lib/linux/libclang_rt.builtins-i686-android.a -l:libunwind.a -ldl -lc /Users/edoardo/Library/Android/sdk/ndk/26.1.10909125/toolchains/llvm/prebuilt/darwin-x86_64/lib/clang/17/lib/linux/libclang_rt.builtins-i686-android.a -l:libunwind.a -ldl /Users/edoardo/Library/Android/sdk/ndk/26.1.10909125/toolchains/llvm/prebuilt/darwin-x86_64/sysroot/usr/lib/i686-linux-android/21/crtend_android.o]
    arg [/Users/edoardo/Library/Android/sdk/ndk/26.1.10909125/toolchains/llvm/prebuilt/darwin-x86_64/bin/ld.lld] ==> ignore
    arg [--sysroot=/Users/edoardo/Library/Android/sdk/ndk/26.1.10909125/toolchains/llvm/prebuilt/darwin-x86_64/sysroot] ==> ignore
    arg [-pie] ==> ignore
    arg [-znow] ==> ignore
    arg [-zrelro] ==> ignore
    arg [--hash-style=both] ==> ignore
    arg [--eh-frame-hdr] ==> ignore
    arg [-m] ==> ignore
    arg [elf_i386] ==> ignore
    arg [-dynamic-linker] ==> ignore
    arg [/system/bin/linker] ==> ignore
    arg [-o] ==> ignore
    arg [cmTC_3c154] ==> ignore
    arg [/Users/edoardo/Library/Android/sdk/ndk/26.1.10909125/toolchains/llvm/prebuilt/darwin-x86_64/sysroot/usr/lib/i686-linux-android/21/crtbegin_dynamic.o] ==> obj [/Users/edoardo/Library/Android/sdk/ndk/26.1.10909125/toolchains/llvm/prebuilt/darwin-x86_64/sysroot/usr/lib/i686-linux-android/21/crtbegin_dynamic.o]
    arg [-L/Users/edoardo/Library/Android/sdk/ndk/26.1.10909125/toolchains/llvm/prebuilt/darwin-x86_64/lib/clang/17/lib/linux/i386] ==> dir [/Users/edoardo/Library/Android/sdk/ndk/26.1.10909125/toolchains/llvm/prebuilt/darwin-x86_64/lib/clang/17/lib/linux/i386]
    arg [-L/Users/edoardo/Library/Android/sdk/ndk/26.1.10909125/toolchains/llvm/prebuilt/darwin-x86_64/sysroot/usr/lib/i686-linux-android/21] ==> dir [/Users/edoardo/Library/Android/sdk/ndk/26.1.10909125/toolchains/llvm/prebuilt/darwin-x86_64/sysroot/usr/lib/i686-linux-android/21]
    arg [-L/Users/edoardo/Library/Android/sdk/ndk/26.1.10909125/toolchains/llvm/prebuilt/darwin-x86_64/sysroot/usr/lib/i686-linux-android] ==> dir [/Users/edoardo/Library/Android/sdk/ndk/26.1.10909125/toolchains/llvm/prebuilt/darwin-x86_64/sysroot/usr/lib/i686-linux-android]
    arg [-L/Users/edoardo/Library/Android/sdk/ndk/26.1.10909125/toolchains/llvm/prebuilt/darwin-x86_64/sysroot/usr/lib] ==> dir [/Users/edoardo/Library/Android/sdk/ndk/26.1.10909125/toolchains/llvm/prebuilt/darwin-x86_64/sysroot/usr/lib]
    arg [--build-id=sha1] ==> ignore
    arg [--no-rosegment] ==> ignore
    arg [--no-undefined-version] ==> ignore
    arg [--fatal-warnings] ==> ignore
    arg [--no-undefined] ==> ignore
    arg [CMakeFiles/cmTC_3c154.dir/CMakeCXXCompilerABI.cpp.o] ==> ignore
    arg [-Bstatic] ==> search static
    arg [-lc++] ==> lib [c++]
    arg [-Bdynamic] ==> search dynamic
    arg [-lm] ==> lib [m]
    arg [/Users/edoardo/Library/Android/sdk/ndk/26.1.10909125/toolchains/llvm/prebuilt/darwin-x86_64/lib/clang/17/lib/linux/libclang_rt.builtins-i686-android.a] ==> lib [/Users/edoardo/Library/Android/sdk/ndk/26.1.10909125/toolchains/llvm/prebuilt/darwin-x86_64/lib/clang/17/lib/linux/libclang_rt.builtins-i686-android.a]
    arg [-l:libunwind.a] ==> lib [-l:libunwind.a]
    arg [-ldl] ==> lib [dl]
    arg [-lc] ==> lib [c]
    arg [/Users/edoardo/Library/Android/sdk/ndk/26.1.10909125/toolchains/llvm/prebuilt/darwin-x86_64/lib/clang/17/lib/linux/libclang_rt.builtins-i686-android.a] ==> lib [/Users/edoardo/Library/Android/sdk/ndk/26.1.10909125/toolchains/llvm/prebuilt/darwin-x86_64/lib/clang/17/lib/linux/libclang_rt.builtins-i686-android.a]
    arg [-l:libunwind.a] ==> lib [-l:libunwind.a]
    arg [-ldl] ==> lib [dl]
    arg [/Users/edoardo/Library/Android/sdk/ndk/26.1.10909125/toolchains/llvm/prebuilt/darwin-x86_64/sysroot/usr/lib/i686-linux-android/21/crtend_android.o] ==> obj [/Users/edoardo/Library/Android/sdk/ndk/26.1.10909125/toolchains/llvm/prebuilt/darwin-x86_64/sysroot/usr/lib/i686-linux-android/21/crtend_android.o]
  remove lib [/Users/edoardo/Library/Android/sdk/ndk/26.1.10909125/toolchains/llvm/prebuilt/darwin-x86_64/lib/clang/17/lib/linux/libclang_rt.builtins-i686-android.a]
  remove lib [/Users/edoardo/Library/Android/sdk/ndk/26.1.10909125/toolchains/llvm/prebuilt/darwin-x86_64/lib/clang/17/lib/linux/libclang_rt.builtins-i686-android.a]
  collapse library dir [/Users/edoardo/Library/Android/sdk/ndk/26.1.10909125/toolchains/llvm/prebuilt/darwin-x86_64/lib/clang/17/lib/linux/i386] ==> [/Users/edoardo/Library/Android/sdk/ndk/26.1.10909125/toolchains/llvm/prebuilt/darwin-x86_64/lib/clang/17/lib/linux/i386]
  collapse library dir [/Users/edoardo/Library/Android/sdk/ndk/26.1.10909125/toolchains/llvm/prebuilt/darwin-x86_64/sysroot/usr/lib/i686-linux-android/21] ==> [/Users/edoardo/Library/Android/sdk/ndk/26.1.10909125/toolchains/llvm/prebuilt/darwin-x86_64/sysroot/usr/lib/i686-linux-android/21]
  collapse library dir [/Users/edoardo/Library/Android/sdk/ndk/26.1.10909125/toolchains/llvm/prebuilt/darwin-x86_64/sysroot/usr/lib/i686-linux-android] ==> [/Users/edoardo/Library/Android/sdk/ndk/26.1.10909125/toolchains/llvm/prebuilt/darwin-x86_64/sysroot/usr/lib/i686-linux-android]
  collapse library dir [/Users/edoardo/Library/Android/sdk/ndk/26.1.10909125/toolchains/llvm/prebuilt/darwin-x86_64/sysroot/usr/lib] ==> [/Users/edoardo/Library/Android/sdk/ndk/26.1.10909125/toolchains/llvm/prebuilt/darwin-x86_64/sysroot/usr/lib]
  implicit libs: [c++;m;-l:libunwind.a;dl;c;-l:libunwind.a;dl]
  implicit objs: [/Users/edoardo/Library/Android/sdk/ndk/26.1.10909125/toolchains/llvm/prebuilt/darwin-x86_64/sysroot/usr/lib/i686-linux-android/21/crtbegin_dynamic.o;/Users/edoardo/Library/Android/sdk/ndk/26.1.10909125/toolchains/llvm/prebuilt/darwin-x86_64/sysroot/usr/lib/i686-linux-android/21/crtend_android.o]
  implicit dirs: [/Users/edoardo/Library/Android/sdk/ndk/26.1.10909125/toolchains/llvm/prebuilt/darwin-x86_64/lib/clang/17/lib/linux/i386;/Users/edoardo/Library/Android/sdk/ndk/26.1.10909125/toolchains/llvm/prebuilt/darwin-x86_64/sysroot/usr/lib/i686-linux-android/21;/Users/edoardo/Library/Android/sdk/ndk/26.1.10909125/toolchains/llvm/prebuilt/darwin-x86_64/sysroot/usr/lib/i686-linux-android;/Users/edoardo/Library/Android/sdk/ndk/26.1.10909125/toolchains/llvm/prebuilt/darwin-x86_64/sysroot/usr/lib]
  implicit fwks: []


Determining if the function clock_gettime exists passed with the following output:
Change Dir: /Users/edoardo/Desktop/newcameratrigger/newcameratrigger/app/.cxx/Debug/4y6k3k1w/x86/CMakeFiles/CMakeTmp

Run Build Command(s):/Users/edoardo/Library/Android/sdk/cmake/3.22.1/bin/ninja cmTC_fd175 && [1/2] Building C object CMakeFiles/cmTC_fd175.dir/CheckFunctionExists.c.o
[2/2] Linking C executable cmTC_fd175



Determining if the function pthread_condattr_setclock exists passed with the following output:
Change Dir: /Users/edoardo/Desktop/newcameratrigger/newcameratrigger/app/.cxx/Debug/4y6k3k1w/x86/CMakeFiles/CMakeTmp

Run Build Command(s):/Users/edoardo/Library/Android/sdk/cmake/3.22.1/bin/ninja cmTC_9b419 && [1/2] Building C object CMakeFiles/cmTC_9b419.dir/CheckFunctionExists.c.o
[2/2] Linking C executable cmTC_9b419



Determining if the function pthread_setname_np exists passed with the following output:
Change Dir: /Users/edoardo/Desktop/newcameratrigger/newcameratrigger/app/.cxx/Debug/4y6k3k1w/x86/CMakeFiles/CMakeTmp

Run Build Command(s):/Users/edoardo/Library/Android/sdk/cmake/3.22.1/bin/ninja cmTC_cf7e4 && [1/2] Building C object CMakeFiles/cmTC_cf7e4.dir/CheckFunctionExists.c.o
[2/2] Linking C executable cmTC_cf7e4



Determining if the function eventfd exists passed with the following output:
Change Dir: /Users/edoardo/Desktop/newcameratrigger/newcameratrigger/app/.cxx/Debug/4y6k3k1w/x86/CMakeFiles/CMakeTmp

Run Build Command(s):/Users/edoardo/Library/Android/sdk/cmake/3.22.1/bin/ninja cmTC_8d5ea && [1/2] Building C object CMakeFiles/cmTC_8d5ea.dir/CheckFunctionExists.c.o
[2/2] Linking C executable cmTC_8d5ea



Determining if the function pipe2 exists passed with the following output:
Change Dir: /Users/edoardo/Desktop/newcameratrigger/newcameratrigger/app/.cxx/Debug/4y6k3k1w/x86/CMakeFiles/CMakeTmp

Run Build Command(s):/Users/edoardo/Library/Android/sdk/cmake/3.22.1/bin/ninja cmTC_e560c && [1/2] Building C object CMakeFiles/cmTC_e560c.dir/CheckFunctionExists.c.o
[2/2] Linking C executable cmTC_e560c



Determining if the function syslog exists passed with the following output:
Change Dir: /Users/edoardo/Desktop/newcameratrigger/newcameratrigger/app/.cxx/Debug/4y6k3k1w/x86/CMakeFiles/CMakeTmp

Run Build Command(s):/Users/edoardo/Library/Android/sdk/cmake/3.22.1/bin/ninja cmTC_0319c && [1/2] Building C object CMakeFiles/cmTC_0319c.dir/CheckFunctionExists.c.o
[2/2] Linking C executable cmTC_0319c



Determining if files asm/types.h exist passed with the following output:
Change Dir: /Users/edoardo/Desktop/newcameratrigger/newcameratrigger/app/.cxx/Debug/4y6k3k1w/x86/CMakeFiles/CMakeTmp

Run Build Command(s):/Users/edoardo/Library/Android/sdk/cmake/3.22.1/bin/ninja cmTC_d3217 && [1/2] Building C object CMakeFiles/cmTC_d3217.dir/HAVE_ASM_TYPES_H.c.o
[2/2] Linking C executable cmTC_d3217



Determining if files dlfcn.h exist passed with the following output:
Change Dir: /Users/edoardo/Desktop/newcameratrigger/newcameratrigger/app/.cxx/Debug/4y6k3k1w/x86/CMakeFiles/CMakeTmp

Run Build Command(s):/Users/edoardo/Library/Android/sdk/cmake/3.22.1/bin/ninja cmTC_909f0 && [1/2] Building C object CMakeFiles/cmTC_909f0.dir/HAVE_DLFCN_H.c.o
[2/2] Linking C executable cmTC_909f0



Determining if files inttypes.h exist passed with the following output:
Change Dir: /Users/edoardo/Desktop/newcameratrigger/newcameratrigger/app/.cxx/Debug/4y6k3k1w/x86/CMakeFiles/CMakeTmp

Run Build Command(s):/Users/edoardo/Library/Android/sdk/cmake/3.22.1/bin/ninja cmTC_16d80 && [1/2] Building C object CMakeFiles/cmTC_16d80.dir/HAVE_INTTYPES_H.c.o
[2/2] Linking C executable cmTC_16d80



Determining if files stdint.h exist passed with the following output:
Change Dir: /Users/edoardo/Desktop/newcameratrigger/newcameratrigger/app/.cxx/Debug/4y6k3k1w/x86/CMakeFiles/CMakeTmp

Run Build Command(s):/Users/edoardo/Library/Android/sdk/cmake/3.22.1/bin/ninja cmTC_bd1ab && [1/2] Building C object CMakeFiles/cmTC_bd1ab.dir/HAVE_STDINT_H.c.o
[2/2] Linking C executable cmTC_bd1ab



Determining if files stdlib.h exist passed with the following output:
Change Dir: /Users/edoardo/Desktop/newcameratrigger/newcameratrigger/app/.cxx/Debug/4y6k3k1w/x86/CMakeFiles/CMakeTmp

Run Build Command(s):/Users/edoardo/Library/Android/sdk/cmake/3.22.1/bin/ninja cmTC_0d6ab && [1/2] Building C object CMakeFiles/cmTC_0d6ab.dir/HAVE_STDLIB_H.c.o
[2/2] Linking C executable cmTC_0d6ab



Determining if files string.h exist passed with the following output:
Change Dir: /Users/edoardo/Desktop/newcameratrigger/newcameratrigger/app/.cxx/Debug/4y6k3k1w/x86/CMakeFiles/CMakeTmp

Run Build Command(s):/Users/edoardo/Library/Android/sdk/cmake/3.22.1/bin/ninja cmTC_49905 && [1/2] Building C object CMakeFiles/cmTC_49905.dir/HAVE_STRING_H.c.o
[2/2] Linking C executable cmTC_49905



Determining if files strings.h exist passed with the following output:
Change Dir: /Users/edoardo/Desktop/newcameratrigger/newcameratrigger/app/.cxx/Debug/4y6k3k1w/x86/CMakeFiles/CMakeTmp

Run Build Command(s):/Users/edoardo/Library/Android/sdk/cmake/3.22.1/bin/ninja cmTC_99571 && [1/2] Building C object CMakeFiles/cmTC_99571.dir/HAVE_STRINGS_H.c.o
[2/2] Linking C executable cmTC_99571



Determining if files sys/stat.h exist passed with the following output:
Change Dir: /Users/edoardo/Desktop/newcameratrigger/newcameratrigger/app/.cxx/Debug/4y6k3k1w/x86/CMakeFiles/CMakeTmp

Run Build Command(s):/Users/edoardo/Library/Android/sdk/cmake/3.22.1/bin/ninja cmTC_1df41 && [1/2] Building C object CMakeFiles/cmTC_1df41.dir/HAVE_SYS_STAT_H.c.o
[2/2] Linking C executable cmTC_1df41



Determining if files sys/time.h exist passed with the following output:
Change Dir: /Users/edoardo/Desktop/newcameratrigger/newcameratrigger/app/.cxx/Debug/4y6k3k1w/x86/CMakeFiles/CMakeTmp

Run Build Command(s):/Users/edoardo/Library/Android/sdk/cmake/3.22.1/bin/ninja cmTC_364ee && [1/2] Building C object CMakeFiles/cmTC_364ee.dir/HAVE_SYS_TIME_H.c.o
[2/2] Linking C executable cmTC_364ee



Determining if files sys/types.h exist passed with the following output:
Change Dir: /Users/edoardo/Desktop/newcameratrigger/newcameratrigger/app/.cxx/Debug/4y6k3k1w/x86/CMakeFiles/CMakeTmp

Run Build Command(s):/Users/edoardo/Library/Android/sdk/cmake/3.22.1/bin/ninja cmTC_0a437 && [1/2] Building C object CMakeFiles/cmTC_0a437.dir/HAVE_SYS_TYPES_H.c.o
[2/2] Linking C executable cmTC_0a437



Determining if files unistd.h exist passed with the following output:
Change Dir: /Users/edoardo/Desktop/newcameratrigger/newcameratrigger/app/.cxx/Debug/4y6k3k1w/x86/CMakeFiles/CMakeTmp

Run Build Command(s):/Users/edoardo/Library/Android/sdk/cmake/3.22.1/bin/ninja cmTC_4042a && [1/2] Building C object CMakeFiles/cmTC_4042a.dir/HAVE_UNISTD_H.c.o
[2/2] Linking C executable cmTC_4042a



Determining if files stdlib.h;stdarg.h;string.h;float.h exist passed with the following output:
Change Dir: /Users/edoardo/Desktop/newcameratrigger/newcameratrigger/app/.cxx/Debug/4y6k3k1w/x86/CMakeFiles/CMakeTmp

Run Build Command(s):/Users/edoardo/Library/Android/sdk/cmake/3.22.1/bin/ninja cmTC_c0331 && [1/2] Building C object CMakeFiles/cmTC_c0331.dir/STDC_HEADERS.c.o
[2/2] Linking C executable cmTC_c0331



Determining if the EFD_CLOEXEC exist passed with the following output:
Change Dir: /Users/edoardo/Desktop/newcameratrigger/newcameratrigger/app/.cxx/Debug/4y6k3k1w/x86/CMakeFiles/CMakeTmp

Run Build Command(s):/Users/edoardo/Library/Android/sdk/cmake/3.22.1/bin/ninja cmTC_ab41e && [1/2] Building C object CMakeFiles/cmTC_ab41e.dir/CheckSymbolExists.c.o
[2/2] Linking C executable cmTC_ab41e


File /Users/edoardo/Desktop/newcameratrigger/newcameratrigger/app/.cxx/Debug/4y6k3k1w/x86/CMakeFiles/CMakeTmp/CheckSymbolExists.c:
/* */
#include <sys/eventfd.h>

int main(int argc, char** argv)
{
  (void)argv;
#ifndef EFD_CLOEXEC
  return ((int*)(&EFD_CLOEXEC))[argc];
#else
  (void)argc;
  return 0;
#endif
}
Determining if the EFD_NONBLOCK exist passed with the following output:
Change Dir: /Users/edoardo/Desktop/newcameratrigger/newcameratrigger/app/.cxx/Debug/4y6k3k1w/x86/CMakeFiles/CMakeTmp

Run Build Command(s):/Users/edoardo/Library/Android/sdk/cmake/3.22.1/bin/ninja cmTC_265eb && [1/2] Building C object CMakeFiles/cmTC_265eb.dir/CheckSymbolExists.c.o
[2/2] Linking C executable cmTC_265eb


File /Users/edoardo/Desktop/newcameratrigger/newcameratrigger/app/.cxx/Debug/4y6k3k1w/x86/CMakeFiles/CMakeTmp/CheckSymbolExists.c:
/* */
#include <sys/eventfd.h>

int main(int argc, char** argv)
{
  (void)argv;
#ifndef EFD_NONBLOCK
  return ((int*)(&EFD_NONBLOCK))[argc];
#else
  (void)argc;
  return 0;
#endif
}
Determining if the timerfd_create exist passed with the following output:
Change Dir: /Users/edoardo/Desktop/newcameratrigger/newcameratrigger/app/.cxx/Debug/4y6k3k1w/x86/CMakeFiles/CMakeTmp

Run Build Command(s):/Users/edoardo/Library/Android/sdk/cmake/3.22.1/bin/ninja cmTC_2527d && [1/2] Building C object CMakeFiles/cmTC_2527d.dir/CheckSymbolExists.c.o
[2/2] Linking C executable cmTC_2527d


File /Users/edoardo/Desktop/newcameratrigger/newcameratrigger/app/.cxx/Debug/4y6k3k1w/x86/CMakeFiles/CMakeTmp/CheckSymbolExists.c:
/* */
#include <sys/timerfd.h>

int main(int argc, char** argv)
{
  (void)argv;
#ifndef timerfd_create
  return ((int*)(&timerfd_create))[argc];
#else
  (void)argc;
  return 0;
#endif
}
Performing C SOURCE FILE Test HAVE_STRUCT_TIMESPEC succeeded with the following output:
Change Dir: /Users/edoardo/Desktop/newcameratrigger/newcameratrigger/app/.cxx/Debug/4y6k3k1w/x86/CMakeFiles/CMakeTmp

Run Build Command(s):/Users/edoardo/Library/Android/sdk/cmake/3.22.1/bin/ninja cmTC_d60ee && [1/2] Building C object CMakeFiles/cmTC_d60ee.dir/src.c.o
[2/2] Linking C executable cmTC_d60ee


Source file was:

#include <time.h>

int main()
{
  (void)sizeof(((struct timespec *)0)->tv_sec);
  return 0;
}

Performing C SOURCE FILE Test HAVE_VISIBILITY succeeded with the following output:
Change Dir: /Users/edoardo/Desktop/newcameratrigger/newcameratrigger/app/.cxx/Debug/4y6k3k1w/x86/CMakeFiles/CMakeTmp

Run Build Command(s):/Users/edoardo/Library/Android/sdk/cmake/3.22.1/bin/ninja cmTC_95edf && [1/2] Building C object CMakeFiles/cmTC_95edf.dir/src.c.o
[2/2] Linking C executable cmTC_95edf


Source file was:
int main(void) { return 0; }
